<?xml version="1.0" encoding="UTF-8"?>
<!-- Generated by org.testng.reporters.JUnitXMLReporter -->
<testsuite ignored="0" hostname="Krushna" failures="1" tests="1" name="Test" time="54.213" errors="0" timestamp="2025-09-18T15:54:07 IST">
  <testcase classname="com.coverFox_test.CoverfoxUsingTestNG" name="CoverfoxPlans" time="5.132">
    <failure type="java.lang.AssertionError" message="Test case failed, NUmber not Matching expected [4] but found [0]">
      <![CDATA[java.lang.AssertionError: Test case failed, NUmber not Matching expected [4] but found [0]
at com.coverFox_test.CoverfoxUsingTestNG.CoverfoxPlans(CoverfoxUsingTestNG.java:76)
at java.base/java.util.ArrayList.forEach(ArrayList.java:1597)
... Removed 31 stack frames]]>
    </failure>
  </testcase> <!-- CoverfoxPlans -->
</testsuite> <!-- Test -->
