<?xml version="1.0" encoding="UTF-8"?>
<!-- Generated by org.testng.reporters.JUnitXMLReporter -->
<testsuite ignored="0" hostname="Krushna" failures="1" tests="1" name="Test" time="39.738" errors="0" timestamp="2025-05-18T13:38:43 IST">
  <testcase classname="com.coverFox_test.CoverfoxUsingTestNG" name="CoverfoxPlans" time="1.033">
    <failure type="java.lang.NumberFormatException" message="For input string: &amp;quot;&amp;quot;">
      <![CDATA[java.lang.NumberFormatException: For input string: ""
at java.base/java.lang.NumberFormatException.forInputString(NumberFormatException.java:67)
at java.base/java.lang.Integer.parseInt(Integer.java:565)
at java.base/java.lang.Integer.parseInt(Integer.java:685)
at com.coverfox_POM.CoverfoxResultpage.getPlanNumberFromText(CoverfoxResultpage.java:41)
at com.coverFox_test.CoverfoxUsingTestNG.CoverfoxPlans(CoverfoxUsingTestNG.java:72)
at java.base/java.util.ArrayList.forEach(ArrayList.java:1597)
... Removed 29 stack frames]]>
    </failure>
  </testcase> <!-- CoverfoxPlans -->
</testsuite> <!-- Test -->
