<?xml version="1.0" encoding="UTF-8"?>
<testng-results ignored="0" total="1" passed="0" failed="1" skipped="0">
  <reporter-output>
    <line>
      <![CDATA[Reading urlfrom Properties FIle]]>
    </line>
    <line>
      <![CDATA[Launching a Browser]]>
    </line>
    <line>
      <![CDATA[clicking on gender]]>
    </line>
    <line>
      <![CDATA[Reading data from excel]]>
    </line>
    <line>
      <![CDATA[Handling Age DropDown]]>
    </line>
    <line>
      <![CDATA[clicking on ok]]>
    </line>
    <line>
      <![CDATA[Reading data from excel]]>
    </line>
    <line>
      <![CDATA[Entering Pincode]]>
    </line>
    <line>
      <![CDATA[Reading data from excel]]>
    </line>
    <line>
      <![CDATA[Entering Mobile Number]]>
    </line>
    <line>
      <![CDATA[Clicking on Continue Button]]>
    </line>
    <line>
      <![CDATA[getting plan number from text]]>
    </line>
    <line>
      <![CDATA[TestCoverfoxPlansis failed]]>
    </line>
    <line>
      <![CDATA[Taking Screenshot, saved atD:\Software Testing\23rd Nov 2024 Testing Morning Batch\23rdNov2025Maven\ScreenshotCoverfoxPlans_failed.png]]>
    </line>
    <line>
      <![CDATA[Closing a Browser]]>
    </line>
  </reporter-output>
  <suite started-at="2025-05-18T13:38:03 IST" name="Suite" finished-at="2025-05-18T13:38:43 IST" duration-ms="39738">
    <groups>
    </groups>
    <test started-at="2025-05-18T13:38:03 IST" name="Test" finished-at="2025-05-18T13:38:43 IST" duration-ms="39738">
      <class name="com.coverFox_test.CoverfoxUsingTestNG">
        <test-method is-config="true" signature="launchBrowser()[pri:0, instance:com.coverFox_test.CoverfoxUsingTestNG@639c2c1d]" started-at="2025-05-18T13:38:03 IST" name="launchBrowser" finished-at="2025-05-18T13:38:27 IST" duration-ms="23914" status="PASS">
          <reporter-output>
            <line>
              <![CDATA[Reading urlfrom Properties FIle]]>
            </line>
            <line>
              <![CDATA[Launching a Browser]]>
            </line>
          </reporter-output>
        </test-method> <!-- launchBrowser -->
        <test-method is-config="true" signature="coverfoxPreconditions()[pri:0, instance:com.coverFox_test.CoverfoxUsingTestNG@639c2c1d]" started-at="2025-05-18T13:38:27 IST" name="coverfoxPreconditions" finished-at="2025-05-18T13:38:35 IST" duration-ms="8509" status="PASS">
          <reporter-output>
            <line>
              <![CDATA[clicking on gender]]>
            </line>
            <line>
              <![CDATA[Reading data from excel]]>
            </line>
            <line>
              <![CDATA[Handling Age DropDown]]>
            </line>
            <line>
              <![CDATA[clicking on ok]]>
            </line>
            <line>
              <![CDATA[Reading data from excel]]>
            </line>
            <line>
              <![CDATA[Entering Pincode]]>
            </line>
            <line>
              <![CDATA[Reading data from excel]]>
            </line>
            <line>
              <![CDATA[Entering Mobile Number]]>
            </line>
            <line>
              <![CDATA[Clicking on Continue Button]]>
            </line>
          </reporter-output>
        </test-method> <!-- coverfoxPreconditions -->
        <test-method signature="CoverfoxPlans()[pri:0, instance:com.coverFox_test.CoverfoxUsingTestNG@639c2c1d]" started-at="2025-05-18T13:38:35 IST" name="CoverfoxPlans" finished-at="2025-05-18T13:38:36 IST" duration-ms="1033" status="FAIL">
          <exception class="java.lang.NumberFormatException">
            <message>
              <![CDATA[For input string: ""]]>
            </message>
            <full-stacktrace>
              <![CDATA[java.lang.NumberFormatException: For input string: ""
at java.base/java.lang.NumberFormatException.forInputString(NumberFormatException.java:67)
at java.base/java.lang.Integer.parseInt(Integer.java:565)
at java.base/java.lang.Integer.parseInt(Integer.java:685)
at com.coverfox_POM.CoverfoxResultpage.getPlanNumberFromText(CoverfoxResultpage.java:41)
at com.coverFox_test.CoverfoxUsingTestNG.CoverfoxPlans(CoverfoxUsingTestNG.java:72)
at java.base/jdk.internal.reflect.DirectMethodHandleAccessor.invoke(DirectMethodHandleAccessor.java:103)
at java.base/java.lang.reflect.Method.invoke(Method.java:580)
at org.testng.internal.invokers.MethodInvocationHelper.invokeMethod(MethodInvocationHelper.java:141)
at org.testng.internal.invokers.TestInvoker.invokeMethod(TestInvoker.java:687)
at org.testng.internal.invokers.TestInvoker.invokeTestMethod(TestInvoker.java:230)
at org.testng.internal.invokers.MethodRunner.runInSequence(MethodRunner.java:63)
at org.testng.internal.invokers.TestInvoker$MethodInvocationAgent.invoke(TestInvoker.java:995)
at org.testng.internal.invokers.TestInvoker.invokeTestMethods(TestInvoker.java:203)
at org.testng.internal.invokers.TestMethodWorker.invokeTestMethods(TestMethodWorker.java:154)
at org.testng.internal.invokers.TestMethodWorker.run(TestMethodWorker.java:134)
at java.base/java.util.ArrayList.forEach(ArrayList.java:1597)
at org.testng.TestRunner.privateRun(TestRunner.java:741)
at org.testng.TestRunner.run(TestRunner.java:616)
at org.testng.SuiteRunner.runTest(SuiteRunner.java:421)
at org.testng.SuiteRunner.runSequentially(SuiteRunner.java:413)
at org.testng.SuiteRunner.privateRun(SuiteRunner.java:373)
at org.testng.SuiteRunner.run(SuiteRunner.java:312)
at org.testng.SuiteRunnerWorker.runSuite(SuiteRunnerWorker.java:52)
at org.testng.SuiteRunnerWorker.run(SuiteRunnerWorker.java:95)
at org.testng.TestNG.runSuitesSequentially(TestNG.java:1274)
at org.testng.TestNG.runSuitesLocally(TestNG.java:1208)
at org.testng.TestNG.runSuites(TestNG.java:1112)
at org.testng.TestNG.run(TestNG.java:1079)
at org.apache.maven.surefire.testng.TestNGExecutor.run(TestNGExecutor.java:308)
at org.apache.maven.surefire.testng.TestNGXmlTestSuite.execute(TestNGXmlTestSuite.java:71)
at org.apache.maven.surefire.testng.TestNGProvider.invoke(TestNGProvider.java:113)
at org.apache.maven.surefire.booter.ForkedBooter.runSuitesInProcess(ForkedBooter.java:385)
at org.apache.maven.surefire.booter.ForkedBooter.execute(ForkedBooter.java:162)
at org.apache.maven.surefire.booter.ForkedBooter.run(ForkedBooter.java:507)
at org.apache.maven.surefire.booter.ForkedBooter.main(ForkedBooter.java:495)
]]>
            </full-stacktrace>
          </exception> <!-- java.lang.NumberFormatException -->
          <reporter-output>
            <line>
              <![CDATA[getting plan number from text]]>
            </line>
            <line>
              <![CDATA[TestCoverfoxPlansis failed]]>
            </line>
            <line>
              <![CDATA[Taking Screenshot, saved atD:\Software Testing\23rd Nov 2024 Testing Morning Batch\23rdNov2025Maven\ScreenshotCoverfoxPlans_failed.png]]>
            </line>
          </reporter-output>
        </test-method> <!-- CoverfoxPlans -->
        <test-method is-config="true" signature="closeBrowser()[pri:0, instance:com.coverFox_test.CoverfoxUsingTestNG@639c2c1d]" started-at="2025-05-18T13:38:37 IST" name="closeBrowser" finished-at="2025-05-18T13:38:43 IST" duration-ms="5538" status="PASS">
          <reporter-output>
            <line>
              <![CDATA[Closing a Browser]]>
            </line>
          </reporter-output>
        </test-method> <!-- closeBrowser -->
      </class> <!-- com.coverFox_test.CoverfoxUsingTestNG -->
    </test> <!-- Test -->
  </suite> <!-- Suite -->
</testng-results>
