<?xml version="1.0" encoding="UTF-8"?>
<testng-results ignored="0" total="1" passed="0" failed="1" skipped="0">
  <reporter-output>
    <line>
      <![CDATA[Reading urlfrom Properties FIle]]>
    </line>
    <line>
      <![CDATA[Launching a Browser]]>
    </line>
    <line>
      <![CDATA[clicking on gender]]>
    </line>
    <line>
      <![CDATA[Reading data from excel]]>
    </line>
    <line>
      <![CDATA[Handling Age DropDown]]>
    </line>
    <line>
      <![CDATA[clicking on ok]]>
    </line>
    <line>
      <![CDATA[Reading data from excel]]>
    </line>
    <line>
      <![CDATA[Entering Pincode]]>
    </line>
    <line>
      <![CDATA[Reading data from excel]]>
    </line>
    <line>
      <![CDATA[Entering Mobile Number]]>
    </line>
    <line>
      <![CDATA[Clicking on Continue Button]]>
    </line>
    <line>
      <![CDATA[getting plan number from text]]>
    </line>
    <line>
      <![CDATA[getting plan numbers from Plan Cards]]>
    </line>
    <line>
      <![CDATA[TestCoverfoxPlansis failed]]>
    </line>
    <line>
      <![CDATA[Taking Screenshot, saved atD:\Software Testing\23rd Nov 2024 Testing Morning Batch\23rdNov2025Maven\ScreenshotCoverfoxPlans_failed.png]]>
    </line>
    <line>
      <![CDATA[Closing a Browser]]>
    </line>
  </reporter-output>
  <suite started-at="2025-09-18T15:53:12 IST" name="Suite" finished-at="2025-09-18T15:54:07 IST" duration-ms="54213">
    <groups>
    </groups>
    <test started-at="2025-09-18T15:53:12 IST" name="Test" finished-at="2025-09-18T15:54:07 IST" duration-ms="54213">
      <class name="com.coverFox_test.CoverfoxUsingTestNG">
        <test-method is-config="true" signature="launchBrowser()[pri:0, instance:com.coverFox_test.CoverfoxUsingTestNG@4e50c791]" started-at="2025-09-18T15:53:12 IST" name="launchBrowser" finished-at="2025-09-18T15:53:46 IST" duration-ms="33868" status="PASS">
          <reporter-output>
            <line>
              <![CDATA[Reading urlfrom Properties FIle]]>
            </line>
            <line>
              <![CDATA[Launching a Browser]]>
            </line>
          </reporter-output>
        </test-method> <!-- launchBrowser -->
        <test-method is-config="true" signature="coverfoxPreconditions()[pri:0, instance:com.coverFox_test.CoverfoxUsingTestNG@4e50c791]" started-at="2025-09-18T15:53:46 IST" name="coverfoxPreconditions" finished-at="2025-09-18T15:53:56 IST" duration-ms="9249" status="PASS">
          <reporter-output>
            <line>
              <![CDATA[clicking on gender]]>
            </line>
            <line>
              <![CDATA[Reading data from excel]]>
            </line>
            <line>
              <![CDATA[Handling Age DropDown]]>
            </line>
            <line>
              <![CDATA[clicking on ok]]>
            </line>
            <line>
              <![CDATA[Reading data from excel]]>
            </line>
            <line>
              <![CDATA[Entering Pincode]]>
            </line>
            <line>
              <![CDATA[Reading data from excel]]>
            </line>
            <line>
              <![CDATA[Entering Mobile Number]]>
            </line>
            <line>
              <![CDATA[Clicking on Continue Button]]>
            </line>
          </reporter-output>
        </test-method> <!-- coverfoxPreconditions -->
        <test-method signature="CoverfoxPlans()[pri:0, instance:com.coverFox_test.CoverfoxUsingTestNG@4e50c791]" started-at="2025-09-18T15:53:56 IST" name="CoverfoxPlans" finished-at="2025-09-18T15:54:01 IST" duration-ms="5132" status="FAIL">
          <exception class="java.lang.AssertionError">
            <message>
              <![CDATA[Test case failed, NUmber not Matching expected [4] but found [0]]]>
            </message>
            <full-stacktrace>
              <![CDATA[java.lang.AssertionError: Test case failed, NUmber not Matching expected [4] but found [0]
at org.testng.Assert.fail(Assert.java:111)
at org.testng.Assert.failNotEquals(Assert.java:1590)
at org.testng.Assert.assertEqualsImpl(Assert.java:150)
at org.testng.Assert.assertEquals(Assert.java:132)
at org.testng.Assert.assertEquals(Assert.java:1431)
at org.testng.Assert.assertEquals(Assert.java:1395)
at com.coverFox_test.CoverfoxUsingTestNG.CoverfoxPlans(CoverfoxUsingTestNG.java:76)
at java.base/jdk.internal.reflect.DirectMethodHandleAccessor.invoke(DirectMethodHandleAccessor.java:103)
at java.base/java.lang.reflect.Method.invoke(Method.java:580)
at org.testng.internal.invokers.MethodInvocationHelper.invokeMethod(MethodInvocationHelper.java:141)
at org.testng.internal.invokers.TestInvoker.invokeMethod(TestInvoker.java:687)
at org.testng.internal.invokers.TestInvoker.invokeTestMethod(TestInvoker.java:230)
at org.testng.internal.invokers.MethodRunner.runInSequence(MethodRunner.java:63)
at org.testng.internal.invokers.TestInvoker$MethodInvocationAgent.invoke(TestInvoker.java:995)
at org.testng.internal.invokers.TestInvoker.invokeTestMethods(TestInvoker.java:203)
at org.testng.internal.invokers.TestMethodWorker.invokeTestMethods(TestMethodWorker.java:154)
at org.testng.internal.invokers.TestMethodWorker.run(TestMethodWorker.java:134)
at java.base/java.util.ArrayList.forEach(ArrayList.java:1597)
at org.testng.TestRunner.privateRun(TestRunner.java:741)
at org.testng.TestRunner.run(TestRunner.java:616)
at org.testng.SuiteRunner.runTest(SuiteRunner.java:421)
at org.testng.SuiteRunner.runSequentially(SuiteRunner.java:413)
at org.testng.SuiteRunner.privateRun(SuiteRunner.java:373)
at org.testng.SuiteRunner.run(SuiteRunner.java:312)
at org.testng.SuiteRunnerWorker.runSuite(SuiteRunnerWorker.java:52)
at org.testng.SuiteRunnerWorker.run(SuiteRunnerWorker.java:95)
at org.testng.TestNG.runSuitesSequentially(TestNG.java:1274)
at org.testng.TestNG.runSuitesLocally(TestNG.java:1208)
at org.testng.TestNG.runSuites(TestNG.java:1112)
at org.testng.TestNG.run(TestNG.java:1079)
at org.testng.remote.AbstractRemoteTestNG.run(AbstractRemoteTestNG.java:115)
at org.testng.remote.RemoteTestNG.initAndRun(RemoteTestNG.java:293)
at org.testng.remote.RemoteTestNG.main(RemoteTestNG.java:91)
]]>
            </full-stacktrace>
          </exception> <!-- java.lang.AssertionError -->
          <reporter-output>
            <line>
              <![CDATA[getting plan number from text]]>
            </line>
            <line>
              <![CDATA[getting plan numbers from Plan Cards]]>
            </line>
            <line>
              <![CDATA[TestCoverfoxPlansis failed]]>
            </line>
            <line>
              <![CDATA[Taking Screenshot, saved atD:\Software Testing\23rd Nov 2024 Testing Morning Batch\23rdNov2025Maven\ScreenshotCoverfoxPlans_failed.png]]>
            </line>
          </reporter-output>
        </test-method> <!-- CoverfoxPlans -->
        <test-method is-config="true" signature="closeBrowser()[pri:0, instance:com.coverFox_test.CoverfoxUsingTestNG@4e50c791]" started-at="2025-09-18T15:54:01 IST" name="closeBrowser" finished-at="2025-09-18T15:54:07 IST" duration-ms="5686" status="PASS">
          <reporter-output>
            <line>
              <![CDATA[Closing a Browser]]>
            </line>
          </reporter-output>
        </test-method> <!-- closeBrowser -->
      </class> <!-- com.coverFox_test.CoverfoxUsingTestNG -->
    </test> <!-- Test -->
  </suite> <!-- Suite -->
</testng-results>
