<?xml version="1.0" encoding="UTF-8"?>
<testng-results ignored="0" total="1" passed="1" failed="0" skipped="0">
  <reporter-output>
    <line>
      <![CDATA[Reading urlfrom Properties FIle]]>
    </line>
    <line>
      <![CDATA[Launching a Browser]]>
    </line>
    <line>
      <![CDATA[clicking on gender]]>
    </line>
    <line>
      <![CDATA[Reading data from excel]]>
    </line>
    <line>
      <![CDATA[Handling Age DropDown]]>
    </line>
    <line>
      <![CDATA[clicking on ok]]>
    </line>
    <line>
      <![CDATA[Reading data from excel]]>
    </line>
    <line>
      <![CDATA[Entering Pincode]]>
    </line>
    <line>
      <![CDATA[Reading data from excel]]>
    </line>
    <line>
      <![CDATA[Entering Mobile Number]]>
    </line>
    <line>
      <![CDATA[Clicking on Continue Button]]>
    </line>
    <line>
      <![CDATA[getting plan number from text]]>
    </line>
    <line>
      <![CDATA[getting plan numbers from Plan Cards]]>
    </line>
    <line>
      <![CDATA[Plan number matching TC passed]]>
    </line>
    <line>
      <![CDATA[TestCoverfoxPlansis success]]>
    </line>
    <line>
      <![CDATA[Closing a Browser]]>
    </line>
  </reporter-output>
  <suite started-at="2025-09-27T21:30:39 IST" name="Suite" finished-at="2025-09-27T21:31:16 IST" duration-ms="36976">
    <groups>
    </groups>
    <test started-at="2025-09-27T21:30:39 IST" name="Test" finished-at="2025-09-27T21:31:16 IST" duration-ms="36976">
      <class name="com.coverFox_test.CoverfoxUsingTestNG">
        <test-method is-config="true" signature="launchBrowser()[pri:0, instance:com.coverFox_test.CoverfoxUsingTestNG@5bda8e08]" started-at="2025-09-27T21:30:39 IST" name="launchBrowser" finished-at="2025-09-27T21:30:47 IST" duration-ms="7807" status="PASS">
          <reporter-output>
            <line>
              <![CDATA[Reading urlfrom Properties FIle]]>
            </line>
            <line>
              <![CDATA[Launching a Browser]]>
            </line>
          </reporter-output>
        </test-method> <!-- launchBrowser -->
        <test-method is-config="true" signature="coverfoxPreconditions()[pri:0, instance:com.coverFox_test.CoverfoxUsingTestNG@5bda8e08]" started-at="2025-09-27T21:30:47 IST" name="coverfoxPreconditions" finished-at="2025-09-27T21:30:57 IST" duration-ms="10158" status="PASS">
          <reporter-output>
            <line>
              <![CDATA[clicking on gender]]>
            </line>
            <line>
              <![CDATA[Reading data from excel]]>
            </line>
            <line>
              <![CDATA[Handling Age DropDown]]>
            </line>
            <line>
              <![CDATA[clicking on ok]]>
            </line>
            <line>
              <![CDATA[Reading data from excel]]>
            </line>
            <line>
              <![CDATA[Entering Pincode]]>
            </line>
            <line>
              <![CDATA[Reading data from excel]]>
            </line>
            <line>
              <![CDATA[Entering Mobile Number]]>
            </line>
            <line>
              <![CDATA[Clicking on Continue Button]]>
            </line>
          </reporter-output>
        </test-method> <!-- coverfoxPreconditions -->
        <test-method signature="CoverfoxPlans()[pri:0, instance:com.coverFox_test.CoverfoxUsingTestNG@5bda8e08]" started-at="2025-09-27T21:30:57 IST" name="CoverfoxPlans" finished-at="2025-09-27T21:31:10 IST" duration-ms="13265" status="PASS">
          <reporter-output>
            <line>
              <![CDATA[getting plan number from text]]>
            </line>
            <line>
              <![CDATA[getting plan numbers from Plan Cards]]>
            </line>
            <line>
              <![CDATA[Plan number matching TC passed]]>
            </line>
            <line>
              <![CDATA[TestCoverfoxPlansis success]]>
            </line>
          </reporter-output>
        </test-method> <!-- CoverfoxPlans -->
        <test-method is-config="true" signature="closeBrowser()[pri:0, instance:com.coverFox_test.CoverfoxUsingTestNG@5bda8e08]" started-at="2025-09-27T21:31:10 IST" name="closeBrowser" finished-at="2025-09-27T21:31:16 IST" duration-ms="5626" status="PASS">
          <reporter-output>
            <line>
              <![CDATA[Closing a Browser]]>
            </line>
          </reporter-output>
        </test-method> <!-- closeBrowser -->
      </class> <!-- com.coverFox_test.CoverfoxUsingTestNG -->
    </test> <!-- Test -->
  </suite> <!-- Suite -->
</testng-results>
