<?xml version="1.0" encoding="UTF-8"?>
<!-- Generated by org.testng.reporters.JUnitReportReporter -->
<testsuite hostname="Krushna" failures="0" tests="1" name="com.coverFox_test.CoverfoxUsingTestNG" time="22.392" errors="0" timestamp="2025-05-18T13:52:37 IST" skipped="0">
  <testcase classname="com.coverFox_test.CoverfoxUsingTestNG" name="CoverfoxPlans" time="22.392">
    <system-out>
      <![CDATA[getting plan number from text
getting plan numbers from Plan Cards
Plan number matching TC passed]]>
    </system-out>
  </testcase> <!-- CoverfoxPlans -->
  <system-out>
    <![CDATA[Reading urlfrom Properties FIle
Launching a Browser
clicking on gender
Reading data from excel
Handling Age DropDown
clicking on ok
Reading data from excel
Entering Pincode
Reading data from excel
Entering Mobile Number
Clicking on Continue Button
getting plan number from text
getting plan numbers from Plan Cards
Plan number matching TC passed
Closing a Browser]]>
  </system-out>
</testsuite> <!-- com.coverFox_test.CoverfoxUsingTestNG -->
